[0709/114649.600:ERROR:zip_reader.cc(153)] Cannot open ZIP from file handle 0000000000000208
[0709/114649.600:ERROR:zip.cc(202)] Cannot open ZIP from file handle 0000000000000208
[0709/114649.600:ERROR:zip.cc(179)] Cannot open 'I:\Projects\Practical\Graff\package.nw': FILE_ERROR_NOT_FOUND: The system cannot find the file specified. (0x2)
[0709/115910.411:ERROR:zip_reader.cc(153)] Cannot open ZIP from file handle 00000000000001EC
[0709/115910.411:ERROR:zip.cc(202)] Cannot open ZIP from file handle 00000000000001EC
[0709/124720.225:ERROR:zip_reader.cc(153)] Cannot open ZIP from file handle 00000000000001EC
[0709/124720.225:ERROR:zip.cc(202)] Cannot open ZIP from file handle 00000000000001EC
[0709/124834.921:ERROR:zip_reader.cc(153)] Cannot open ZIP from file handle 00000000000001EC
[0709/124834.922:ERROR:zip.cc(202)] Cannot open ZIP from file handle 00000000000001EC
[0709/124835.072:ERROR:zip_reader.cc(153)] Cannot open ZIP from file handle 00000000000001EC
[0709/124835.072:ERROR:zip.cc(202)] Cannot open ZIP from file handle 00000000000001EC
[0709/124947.975:ERROR:zip_reader.cc(153)] Cannot open ZIP from file handle 00000000000001EC
[0709/124947.975:ERROR:zip.cc(202)] Cannot open ZIP from file handle 00000000000001EC
[0709/125041.380:ERROR:zip_reader.cc(153)] Cannot open ZIP from file handle 00000000000001EC
[0709/125041.380:ERROR:zip.cc(202)] Cannot open ZIP from file handle 00000000000001EC
[0709/125103.427:ERROR:zip_reader.cc(153)] Cannot open ZIP from file handle 00000000000001EC
[0709/125103.427:ERROR:zip.cc(202)] Cannot open ZIP from file handle 00000000000001EC
[0709/125622.780:ERROR:zip_reader.cc(153)] Cannot open ZIP from file handle 00000000000001EC
[0709/125622.780:ERROR:zip.cc(202)] Cannot open ZIP from file handle 00000000000001EC
[0709/130314.896:ERROR:zip_reader.cc(153)] Cannot open ZIP from file handle 00000000000001EC
[0709/130314.896:ERROR:zip.cc(202)] Cannot open ZIP from file handle 00000000000001EC
[0709/130432.457:ERROR:zip_reader.cc(153)] Cannot open ZIP from file handle 00000000000001EC
[0709/130432.457:ERROR:zip.cc(202)] Cannot open ZIP from file handle 00000000000001EC
[0709/130502.539:ERROR:zip_reader.cc(153)] Cannot open ZIP from file handle 00000000000000BC
[0709/130502.539:ERROR:zip.cc(202)] Cannot open ZIP from file handle 00000000000000BC
[0709/130626.036:ERROR:zip_reader.cc(153)] Cannot open ZIP from file handle 00000000000001EC
[0709/130626.036:ERROR:zip.cc(202)] Cannot open ZIP from file handle 00000000000001EC
[0709/130642.583:ERROR:zip_reader.cc(153)] Cannot open ZIP from file handle 00000000000001EC
[0709/130642.583:ERROR:zip.cc(202)] Cannot open ZIP from file handle 00000000000001EC
[0709/130658.322:ERROR:zip_reader.cc(153)] Cannot open ZIP from file handle 00000000000001EC
[0709/130658.323:ERROR:zip.cc(202)] Cannot open ZIP from file handle 00000000000001EC
[0709/131038.571:ERROR:zip_reader.cc(153)] Cannot open ZIP from file handle 00000000000001EC
[0709/131038.571:ERROR:zip.cc(202)] Cannot open ZIP from file handle 00000000000001EC
[0709/131615.930:ERROR:zip_reader.cc(153)] Cannot open ZIP from file handle 00000000000001EC
[0709/131615.930:ERROR:zip.cc(202)] Cannot open ZIP from file handle 00000000000001EC
[0709/131701.901:ERROR:zip_reader.cc(153)] Cannot open ZIP from file handle 00000000000001EC
[0709/131701.901:ERROR:zip.cc(202)] Cannot open ZIP from file handle 00000000000001EC
[0709/131948.551:ERROR:zip_reader.cc(153)] Cannot open ZIP from file handle 00000000000001EC
[0709/131948.551:ERROR:zip.cc(202)] Cannot open ZIP from file handle 00000000000001EC
[0709/132020.409:ERROR:zip_reader.cc(153)] Cannot open ZIP from file handle 00000000000001EC
[0709/132020.409:ERROR:zip.cc(202)] Cannot open ZIP from file handle 00000000000001EC
[0709/132134.844:ERROR:zip_reader.cc(153)] Cannot open ZIP from file handle 00000000000001EC
[0709/132134.844:ERROR:zip.cc(202)] Cannot open ZIP from file handle 00000000000001EC
[0709/132205.314:ERROR:zip_reader.cc(153)] Cannot open ZIP from file handle 00000000000001EC
[0709/132205.314:ERROR:zip.cc(202)] Cannot open ZIP from file handle 00000000000001EC
[0709/132224.100:ERROR:zip_reader.cc(153)] Cannot open ZIP from file handle 00000000000001EC
[0709/132224.100:ERROR:zip.cc(202)] Cannot open ZIP from file handle 00000000000001EC
[0709/132336.656:ERROR:zip_reader.cc(153)] Cannot open ZIP from file handle 00000000000001EC
[0709/132336.656:ERROR:zip.cc(202)] Cannot open ZIP from file handle 00000000000001EC
[0709/132420.369:ERROR:zip_reader.cc(153)] Cannot open ZIP from file handle 00000000000001EC
[0709/132420.369:ERROR:zip.cc(202)] Cannot open ZIP from file handle 00000000000001EC
[0709/132455.141:ERROR:zip_reader.cc(153)] Cannot open ZIP from file handle 00000000000001EC
[0709/132455.141:ERROR:zip.cc(202)] Cannot open ZIP from file handle 00000000000001EC
[0709/132723.686:ERROR:zip_reader.cc(153)] Cannot open ZIP from file handle 00000000000001EC
[0709/132723.686:ERROR:zip.cc(202)] Cannot open ZIP from file handle 00000000000001EC
[0709/132953.535:ERROR:zip_reader.cc(153)] Cannot open ZIP from file handle 00000000000001EC
[0709/132953.535:ERROR:zip.cc(202)] Cannot open ZIP from file handle 00000000000001EC
[0709/133003.270:ERROR:zip_reader.cc(153)] Cannot open ZIP from file handle 00000000000001EC
[0709/133003.270:ERROR:zip.cc(202)] Cannot open ZIP from file handle 00000000000001EC
[0709/133029.092:ERROR:zip_reader.cc(153)] Cannot open ZIP from file handle 00000000000001EC
[0709/133029.092:ERROR:zip.cc(202)] Cannot open ZIP from file handle 00000000000001EC
[0709/133412.755:ERROR:zip_reader.cc(153)] Cannot open ZIP from file handle 00000000000001EC
[0709/133412.755:ERROR:zip.cc(202)] Cannot open ZIP from file handle 00000000000001EC
[0709/133535.450:ERROR:zip_reader.cc(153)] Cannot open ZIP from file handle 00000000000001EC
[0709/133535.450:ERROR:zip.cc(202)] Cannot open ZIP from file handle 00000000000001EC
[0709/133551.906:ERROR:zip_reader.cc(153)] Cannot open ZIP from file handle 00000000000001EC
[0709/133551.906:ERROR:zip.cc(202)] Cannot open ZIP from file handle 00000000000001EC
[0709/133720.237:ERROR:zip_reader.cc(153)] Cannot open ZIP from file handle 00000000000001EC
[0709/133720.237:ERROR:zip.cc(202)] Cannot open ZIP from file handle 00000000000001EC
[0709/133757.274:ERROR:zip_reader.cc(153)] Cannot open ZIP from file handle 00000000000001EC
[0709/133757.276:ERROR:zip.cc(202)] Cannot open ZIP from file handle 00000000000001EC
[0709/133817.525:ERROR:zip_reader.cc(153)] Cannot open ZIP from file handle 00000000000001EC
[0709/133817.525:ERROR:zip.cc(202)] Cannot open ZIP from file handle 00000000000001EC
[0709/134012.010:ERROR:zip_reader.cc(153)] Cannot open ZIP from file handle 00000000000001F4
[0709/134012.010:ERROR:zip.cc(202)] Cannot open ZIP from file handle 00000000000001F4
[0709/134029.247:ERROR:zip_reader.cc(153)] Cannot open ZIP from file handle 00000000000001EC
[0709/134029.247:ERROR:zip.cc(202)] Cannot open ZIP from file handle 00000000000001EC
[0709/134114.659:ERROR:zip_reader.cc(153)] Cannot open ZIP from file handle 00000000000001EC
[0709/134114.660:ERROR:zip.cc(202)] Cannot open ZIP from file handle 00000000000001EC
[0709/134131.431:ERROR:zip_reader.cc(153)] Cannot open ZIP from file handle 00000000000001EC
[0709/134131.431:ERROR:zip.cc(202)] Cannot open ZIP from file handle 00000000000001EC
[0709/134326.537:ERROR:zip_reader.cc(153)] Cannot open ZIP from file handle 00000000000001EC
[0709/134326.537:ERROR:zip.cc(202)] Cannot open ZIP from file handle 00000000000001EC
[0709/134917.530:ERROR:zip_reader.cc(153)] Cannot open ZIP from file handle 00000000000001EC
[0709/134917.530:ERROR:zip.cc(202)] Cannot open ZIP from file handle 00000000000001EC
[0709/135001.951:ERROR:zip_reader.cc(153)] Cannot open ZIP from file handle 00000000000001EC
[0709/135001.951:ERROR:zip.cc(202)] Cannot open ZIP from file handle 00000000000001EC
[0709/135145.376:ERROR:zip_reader.cc(153)] Cannot open ZIP from file handle 00000000000001EC
[0709/135145.376:ERROR:zip.cc(202)] Cannot open ZIP from file handle 00000000000001EC
[0709/135231.019:ERROR:zip_reader.cc(153)] Cannot open ZIP from file handle 00000000000001EC
[0709/135231.019:ERROR:zip.cc(202)] Cannot open ZIP from file handle 00000000000001EC
[0709/135441.859:ERROR:zip_reader.cc(153)] Cannot open ZIP from file handle 00000000000001EC
[0709/135441.859:ERROR:zip.cc(202)] Cannot open ZIP from file handle 00000000000001EC
[0709/135710.637:ERROR:zip_reader.cc(153)] Cannot open ZIP from file handle 00000000000001EC
[0709/135710.637:ERROR:zip.cc(202)] Cannot open ZIP from file handle 00000000000001EC
[0709/135754.634:ERROR:zip_reader.cc(153)] Cannot open ZIP from file handle 00000000000001EC
[0709/135754.634:ERROR:zip.cc(202)] Cannot open ZIP from file handle 00000000000001EC
[0709/135831.104:ERROR:zip_reader.cc(153)] Cannot open ZIP from file handle 00000000000001EC
[0709/135831.104:ERROR:zip.cc(202)] Cannot open ZIP from file handle 00000000000001EC
[0709/135849.281:ERROR:zip_reader.cc(153)] Cannot open ZIP from file handle 00000000000001EC
[0709/135849.281:ERROR:zip.cc(202)] Cannot open ZIP from file handle 00000000000001EC
[0709/135918.572:ERROR:zip_reader.cc(153)] Cannot open ZIP from file handle 00000000000001EC
[0709/135918.572:ERROR:zip.cc(202)] Cannot open ZIP from file handle 00000000000001EC
[0709/140028.430:ERROR:zip_reader.cc(153)] Cannot open ZIP from file handle 00000000000001EC
[0709/140028.430:ERROR:zip.cc(202)] Cannot open ZIP from file handle 00000000000001EC
[0709/140045.506:ERROR:zip_reader.cc(153)] Cannot open ZIP from file handle 00000000000001EC
[0709/140045.506:ERROR:zip.cc(202)] Cannot open ZIP from file handle 00000000000001EC
[0709/140649.709:ERROR:zip_reader.cc(153)] Cannot open ZIP from file handle 00000000000001EC
[0709/140649.709:ERROR:zip.cc(202)] Cannot open ZIP from file handle 00000000000001EC
[0709/140859.607:ERROR:zip_reader.cc(153)] Cannot open ZIP from file handle 00000000000001EC
[0709/140859.607:ERROR:zip.cc(202)] Cannot open ZIP from file handle 00000000000001EC
[0709/141101.940:ERROR:zip_reader.cc(153)] Cannot open ZIP from file handle 00000000000001EC
[0709/141101.940:ERROR:zip.cc(202)] Cannot open ZIP from file handle 00000000000001EC
[0709/141116.845:ERROR:zip_reader.cc(153)] Cannot open ZIP from file handle 00000000000001EC
[0709/141116.845:ERROR:zip.cc(202)] Cannot open ZIP from file handle 00000000000001EC
[0709/141232.254:ERROR:zip_reader.cc(153)] Cannot open ZIP from file handle 00000000000001EC
[0709/141232.254:ERROR:zip.cc(202)] Cannot open ZIP from file handle 00000000000001EC
[0709/141911.704:ERROR:zip_reader.cc(153)] Cannot open ZIP from file handle 00000000000001EC
[0709/141911.704:ERROR:zip.cc(202)] Cannot open ZIP from file handle 00000000000001EC
[0709/141939.686:ERROR:zip_reader.cc(153)] Cannot open ZIP from file handle 00000000000001EC
[0709/141939.686:ERROR:zip.cc(202)] Cannot open ZIP from file handle 00000000000001EC
[0709/142010.486:ERROR:zip_reader.cc(153)] Cannot open ZIP from file handle 00000000000001EC
[0709/142010.486:ERROR:zip.cc(202)] Cannot open ZIP from file handle 00000000000001EC
[0709/143122.690:ERROR:zip_reader.cc(153)] Cannot open ZIP from file handle 00000000000001EC
[0709/143122.690:ERROR:zip.cc(202)] Cannot open ZIP from file handle 00000000000001EC
[0709/143201.018:ERROR:zip_reader.cc(153)] Cannot open ZIP from file handle 00000000000001EC
[0709/143201.018:ERROR:zip.cc(202)] Cannot open ZIP from file handle 00000000000001EC
[0709/143619.244:ERROR:zip_reader.cc(153)] Cannot open ZIP from file handle 00000000000001EC
[0709/143619.244:ERROR:zip.cc(202)] Cannot open ZIP from file handle 00000000000001EC
[0709/143622.534:ERROR:zip_reader.cc(153)] Cannot open ZIP from file handle 00000000000000BC
[0709/143622.534:ERROR:zip.cc(202)] Cannot open ZIP from file handle 00000000000000BC
[0709/143836.641:ERROR:zip_reader.cc(153)] Cannot open ZIP from file handle 00000000000001EC
[0709/143836.642:ERROR:zip.cc(202)] Cannot open ZIP from file handle 00000000000001EC
[0709/143923.659:ERROR:zip_reader.cc(153)] Cannot open ZIP from file handle 00000000000001EC
[0709/143923.659:ERROR:zip.cc(202)] Cannot open ZIP from file handle 00000000000001EC
[0709/143954.000:ERROR:zip_reader.cc(153)] Cannot open ZIP from file handle 00000000000001EC
[0709/143954.000:ERROR:zip.cc(202)] Cannot open ZIP from file handle 00000000000001EC
[0709/144040.494:ERROR:zip_reader.cc(153)] Cannot open ZIP from file handle 00000000000001EC
[0709/144040.494:ERROR:zip.cc(202)] Cannot open ZIP from file handle 00000000000001EC
[0709/144654.443:ERROR:zip_reader.cc(153)] Cannot open ZIP from file handle 00000000000001EC
[0709/144654.443:ERROR:zip.cc(202)] Cannot open ZIP from file handle 00000000000001EC
[0709/144806.039:ERROR:zip_reader.cc(153)] Cannot open ZIP from file handle 00000000000001EC
[0709/144806.039:ERROR:zip.cc(202)] Cannot open ZIP from file handle 00000000000001EC
[0709/144932.052:ERROR:zip_reader.cc(153)] Cannot open ZIP from file handle 00000000000001EC
[0709/144932.052:ERROR:zip.cc(202)] Cannot open ZIP from file handle 00000000000001EC
[0709/144942.236:ERROR:zip_reader.cc(153)] Cannot open ZIP from file handle 00000000000001EC
[0709/144942.236:ERROR:zip.cc(202)] Cannot open ZIP from file handle 00000000000001EC
[0709/144952.797:ERROR:zip_reader.cc(153)] Cannot open ZIP from file handle 00000000000001EC
[0709/144952.797:ERROR:zip.cc(202)] Cannot open ZIP from file handle 00000000000001EC
[0709/145008.478:ERROR:zip_reader.cc(153)] Cannot open ZIP from file handle 00000000000001EC
[0709/145008.478:ERROR:zip.cc(202)] Cannot open ZIP from file handle 00000000000001EC
[0709/145351.309:ERROR:zip_reader.cc(153)] Cannot open ZIP from file handle 00000000000001EC
[0709/145351.309:ERROR:zip.cc(202)] Cannot open ZIP from file handle 00000000000001EC
[0709/145353.629:ERROR:zip_reader.cc(153)] Cannot open ZIP from file handle 00000000000001EC
[0709/145353.629:ERROR:zip.cc(202)] Cannot open ZIP from file handle 00000000000001EC
[0709/145356.820:ERROR:zip_reader.cc(153)] Cannot open ZIP from file handle 00000000000001EC
[0709/145356.820:ERROR:zip.cc(202)] Cannot open ZIP from file handle 00000000000001EC
[0709/145414.875:ERROR:zip_reader.cc(153)] Cannot open ZIP from file handle 00000000000001EC
[0709/145414.876:ERROR:zip.cc(202)] Cannot open ZIP from file handle 00000000000001EC
[0709/145623.365:ERROR:zip_reader.cc(153)] Cannot open ZIP from file handle 00000000000001EC
[0709/145623.365:ERROR:zip.cc(202)] Cannot open ZIP from file handle 00000000000001EC
[0709/145948.182:ERROR:zip_reader.cc(153)] Cannot open ZIP from file handle 00000000000001EC
[0709/145948.182:ERROR:zip.cc(202)] Cannot open ZIP from file handle 00000000000001EC
[0709/150144.420:ERROR:zip_reader.cc(153)] Cannot open ZIP from file handle 00000000000001EC
[0709/150144.420:ERROR:zip.cc(202)] Cannot open ZIP from file handle 00000000000001EC
[0709/150652.749:ERROR:zip_reader.cc(153)] Cannot open ZIP from file handle 00000000000001EC
[0709/150652.749:ERROR:zip.cc(202)] Cannot open ZIP from file handle 00000000000001EC
[0709/150742.982:ERROR:zip_reader.cc(153)] Cannot open ZIP from file handle 00000000000001EC
[0709/150742.982:ERROR:zip.cc(202)] Cannot open ZIP from file handle 00000000000001EC
[0709/151037.987:ERROR:zip_reader.cc(153)] Cannot open ZIP from file handle 00000000000001EC
[0709/151037.987:ERROR:zip.cc(202)] Cannot open ZIP from file handle 00000000000001EC
[0709/151119.185:ERROR:zip_reader.cc(153)] Cannot open ZIP from file handle 00000000000001EC
[0709/151119.185:ERROR:zip.cc(202)] Cannot open ZIP from file handle 00000000000001EC
[0709/151145.511:ERROR:zip_reader.cc(153)] Cannot open ZIP from file handle 00000000000001EC
[0709/151145.512:ERROR:zip.cc(202)] Cannot open ZIP from file handle 00000000000001EC
[0709/151203.400:ERROR:zip_reader.cc(153)] Cannot open ZIP from file handle 00000000000001EC
[0709/151203.400:ERROR:zip.cc(202)] Cannot open ZIP from file handle 00000000000001EC
[0709/151259.427:ERROR:zip_reader.cc(153)] Cannot open ZIP from file handle 00000000000001EC
[0709/151259.427:ERROR:zip.cc(202)] Cannot open ZIP from file handle 00000000000001EC
[0709/151429.273:ERROR:zip_reader.cc(153)] Cannot open ZIP from file handle 00000000000001EC
[0709/151429.273:ERROR:zip.cc(202)] Cannot open ZIP from file handle 00000000000001EC
[0709/151520.624:ERROR:zip_reader.cc(153)] Cannot open ZIP from file handle 00000000000001EC
[0709/151520.624:ERROR:zip.cc(202)] Cannot open ZIP from file handle 00000000000001EC
[0709/151612.095:ERROR:zip_reader.cc(153)] Cannot open ZIP from file handle 00000000000001EC
[0709/151612.095:ERROR:zip.cc(202)] Cannot open ZIP from file handle 00000000000001EC
[0709/151634.806:ERROR:zip_reader.cc(153)] Cannot open ZIP from file handle 00000000000001EC
[0709/151634.806:ERROR:zip.cc(202)] Cannot open ZIP from file handle 00000000000001EC
[0709/151636.006:ERROR:zip_reader.cc(153)] Cannot open ZIP from file handle 00000000000001EC
[0709/151636.006:ERROR:zip.cc(202)] Cannot open ZIP from file handle 00000000000001EC
[0709/151638.590:ERROR:zip_reader.cc(153)] Cannot open ZIP from file handle 00000000000001EC
[0709/151638.590:ERROR:zip.cc(202)] Cannot open ZIP from file handle 00000000000001EC
[0709/151707.129:ERROR:zip_reader.cc(153)] Cannot open ZIP from file handle 00000000000001EC
[0709/151707.129:ERROR:zip.cc(202)] Cannot open ZIP from file handle 00000000000001EC
[0709/151737.778:ERROR:zip_reader.cc(153)] Cannot open ZIP from file handle 00000000000001EC
[0709/151737.778:ERROR:zip.cc(202)] Cannot open ZIP from file handle 00000000000001EC
[0709/151919.969:ERROR:zip_reader.cc(153)] Cannot open ZIP from file handle 00000000000001EC
[0709/151919.969:ERROR:zip.cc(202)] Cannot open ZIP from file handle 00000000000001EC
[0709/152001.498:ERROR:zip_reader.cc(153)] Cannot open ZIP from file handle 00000000000001EC
[0709/152001.498:ERROR:zip.cc(202)] Cannot open ZIP from file handle 00000000000001EC
[0709/152249.438:ERROR:zip_reader.cc(153)] Cannot open ZIP from file handle 00000000000001F0
[0709/152249.438:ERROR:zip.cc(202)] Cannot open ZIP from file handle 00000000000001F0
[0709/152311.231:ERROR:zip_reader.cc(153)] Cannot open ZIP from file handle 00000000000001EC
[0709/152311.231:ERROR:zip.cc(202)] Cannot open ZIP from file handle 00000000000001EC
[0709/152329.344:ERROR:zip_reader.cc(153)] Cannot open ZIP from file handle 00000000000001EC
[0709/152329.344:ERROR:zip.cc(202)] Cannot open ZIP from file handle 00000000000001EC
[0709/152342.162:ERROR:zip_reader.cc(153)] Cannot open ZIP from file handle 00000000000001EC
[0709/152342.163:ERROR:zip.cc(202)] Cannot open ZIP from file handle 00000000000001EC
[0709/152354.196:ERROR:zip_reader.cc(153)] Cannot open ZIP from file handle 00000000000001EC
[0709/152354.196:ERROR:zip.cc(202)] Cannot open ZIP from file handle 00000000000001EC
[0709/152514.296:ERROR:zip_reader.cc(153)] Cannot open ZIP from file handle 00000000000001EC
[0709/152514.296:ERROR:zip.cc(202)] Cannot open ZIP from file handle 00000000000001EC
[0709/152605.288:ERROR:zip_reader.cc(153)] Cannot open ZIP from file handle 00000000000001EC
[0709/152605.288:ERROR:zip.cc(202)] Cannot open ZIP from file handle 00000000000001EC
[0709/152630.121:ERROR:zip_reader.cc(153)] Cannot open ZIP from file handle 00000000000001EC
[0709/152630.121:ERROR:zip.cc(202)] Cannot open ZIP from file handle 00000000000001EC
[0709/152651.230:ERROR:zip_reader.cc(153)] Cannot open ZIP from file handle 00000000000001EC
[0709/152651.230:ERROR:zip.cc(202)] Cannot open ZIP from file handle 00000000000001EC
[0709/152703.173:ERROR:zip_reader.cc(153)] Cannot open ZIP from file handle 00000000000001EC
[0709/152703.173:ERROR:zip.cc(202)] Cannot open ZIP from file handle 00000000000001EC
[0709/152842.857:ERROR:zip_reader.cc(153)] Cannot open ZIP from file handle 00000000000001EC
[0709/152842.857:ERROR:zip.cc(202)] Cannot open ZIP from file handle 00000000000001EC
[0709/153039.249:ERROR:zip_reader.cc(153)] Cannot open ZIP from file handle 00000000000001EC
[0709/153039.249:ERROR:zip.cc(202)] Cannot open ZIP from file handle 00000000000001EC
[0709/153611.351:ERROR:zip_reader.cc(153)] Cannot open ZIP from file handle 00000000000001EC
[0709/153611.351:ERROR:zip.cc(202)] Cannot open ZIP from file handle 00000000000001EC
[0709/154154.058:ERROR:zip_reader.cc(153)] Cannot open ZIP from file handle 00000000000001EC
[0709/154154.059:ERROR:zip.cc(202)] Cannot open ZIP from file handle 00000000000001EC
[0709/161901.440:ERROR:zip_reader.cc(153)] Cannot open ZIP from file handle 00000000000001EC
[0709/161901.440:ERROR:zip.cc(202)] Cannot open ZIP from file handle 00000000000001EC
[0710/002544.040:ERROR:zip_reader.cc(153)] Cannot open ZIP from file handle 00000000000001EC
[0710/002544.070:ERROR:zip.cc(202)] Cannot open ZIP from file handle 00000000000001EC
[0710/101956.416:ERROR:zip_reader.cc(153)] Cannot open ZIP from file handle 00000000000001EC
[0710/101956.440:ERROR:zip.cc(202)] Cannot open ZIP from file handle 00000000000001EC
[0710/142836.830:ERROR:zip_reader.cc(153)] Cannot open ZIP from file handle 00000000000001EC
[0710/142836.830:ERROR:zip.cc(202)] Cannot open ZIP from file handle 00000000000001EC
[0710/185406.349:ERROR:zip_reader.cc(153)] Cannot open ZIP from file handle 00000000000001EC
[0710/185406.349:ERROR:zip.cc(202)] Cannot open ZIP from file handle 00000000000001EC
[0710/185529.909:ERROR:zip_reader.cc(153)] Cannot open ZIP from file handle 00000000000001EC
[0710/185529.909:ERROR:zip.cc(202)] Cannot open ZIP from file handle 00000000000001EC
[0711/095733.805:ERROR:zip_reader.cc(153)] Cannot open ZIP from file handle 00000000000001EC
[0711/095733.805:ERROR:zip.cc(202)] Cannot open ZIP from file handle 00000000000001EC
[0712/090755.471:ERROR:zip_reader.cc(153)] Cannot open ZIP from file handle 00000000000001EC
[0712/090755.496:ERROR:zip.cc(202)] Cannot open ZIP from file handle 00000000000001EC
[0712/092139.465:ERROR:zip_reader.cc(153)] Cannot open ZIP from file handle 00000000000001EC
[0712/092139.465:ERROR:zip.cc(202)] Cannot open ZIP from file handle 00000000000001EC
[0712/092317.949:ERROR:zip_reader.cc(153)] Cannot open ZIP from file handle 00000000000001EC
[0712/092317.949:ERROR:zip.cc(202)] Cannot open ZIP from file handle 00000000000001EC
[0712/092535.451:ERROR:zip_reader.cc(153)] Cannot open ZIP from file handle 00000000000001EC
[0712/092535.451:ERROR:zip.cc(202)] Cannot open ZIP from file handle 00000000000001EC
[0712/092551.323:ERROR:zip_reader.cc(153)] Cannot open ZIP from file handle 00000000000001EC
[0712/092551.323:ERROR:zip.cc(202)] Cannot open ZIP from file handle 00000000000001EC
[0712/092722.065:ERROR:zip_reader.cc(153)] Cannot open ZIP from file handle 00000000000001B0
[0712/092722.065:ERROR:zip.cc(202)] Cannot open ZIP from file handle 00000000000001B0
[0712/093155.852:ERROR:zip_reader.cc(153)] Cannot open ZIP from file handle 0000000000000204
[0712/093155.852:ERROR:zip.cc(202)] Cannot open ZIP from file handle 0000000000000204
[0712/093233.060:ERROR:zip_reader.cc(153)] Cannot open ZIP from file handle 00000000000001EC
[0712/093233.060:ERROR:zip.cc(202)] Cannot open ZIP from file handle 00000000000001EC
[0712/093623.305:ERROR:zip_reader.cc(153)] Cannot open ZIP from file handle 00000000000001EC
[0712/093623.305:ERROR:zip.cc(202)] Cannot open ZIP from file handle 00000000000001EC
[0712/094239.117:ERROR:zip_reader.cc(153)] Cannot open ZIP from file handle 00000000000001EC
[0712/094239.117:ERROR:zip.cc(202)] Cannot open ZIP from file handle 00000000000001EC
[0712/100239.650:ERROR:zip_reader.cc(153)] Cannot open ZIP from file handle 00000000000001EC
[0712/100239.650:ERROR:zip.cc(202)] Cannot open ZIP from file handle 00000000000001EC
[0712/103327.776:ERROR:zip_reader.cc(153)] Cannot open ZIP from file handle 00000000000001EC
[0712/103327.776:ERROR:zip.cc(202)] Cannot open ZIP from file handle 00000000000001EC
[0712/103450.696:ERROR:zip_reader.cc(153)] Cannot open ZIP from file handle 00000000000001EC
[0712/103450.696:ERROR:zip.cc(202)] Cannot open ZIP from file handle 00000000000001EC
[0712/103740.211:ERROR:zip_reader.cc(153)] Cannot open ZIP from file handle 00000000000001EC
[0712/103740.211:ERROR:zip.cc(202)] Cannot open ZIP from file handle 00000000000001EC
[0712/103811.887:ERROR:zip_reader.cc(153)] Cannot open ZIP from file handle 00000000000001EC
[0712/103811.887:ERROR:zip.cc(202)] Cannot open ZIP from file handle 00000000000001EC
[0712/105615.172:ERROR:zip_reader.cc(153)] Cannot open ZIP from file handle 00000000000001EC
[0712/105615.172:ERROR:zip.cc(202)] Cannot open ZIP from file handle 00000000000001EC
[0712/105728.805:ERROR:zip_reader.cc(153)] Cannot open ZIP from file handle 00000000000001EC
[0712/105728.806:ERROR:zip.cc(202)] Cannot open ZIP from file handle 00000000000001EC
[0712/105929.186:ERROR:zip_reader.cc(153)] Cannot open ZIP from file handle 00000000000001EC
[0712/105929.186:ERROR:zip.cc(202)] Cannot open ZIP from file handle 00000000000001EC
[0712/110110.810:ERROR:zip_reader.cc(153)] Cannot open ZIP from file handle 00000000000001EC
[0712/110110.810:ERROR:zip.cc(202)] Cannot open ZIP from file handle 00000000000001EC
[0712/110153.852:ERROR:zip_reader.cc(153)] Cannot open ZIP from file handle 00000000000001EC
[0712/110153.852:ERROR:zip.cc(202)] Cannot open ZIP from file handle 00000000000001EC
[0712/110358.430:ERROR:zip_reader.cc(153)] Cannot open ZIP from file handle 00000000000001EC
[0712/110358.430:ERROR:zip.cc(202)] Cannot open ZIP from file handle 00000000000001EC
[0712/110700.979:ERROR:zip_reader.cc(153)] Cannot open ZIP from file handle 00000000000001EC
[0712/110700.979:ERROR:zip.cc(202)] Cannot open ZIP from file handle 00000000000001EC
[0712/110721.243:ERROR:zip_reader.cc(153)] Cannot open ZIP from file handle 00000000000001EC
[0712/110721.243:ERROR:zip.cc(202)] Cannot open ZIP from file handle 00000000000001EC
[0712/120953.407:ERROR:zip_reader.cc(153)] Cannot open ZIP from file handle 00000000000001EC
[0712/120953.407:ERROR:zip.cc(202)] Cannot open ZIP from file handle 00000000000001EC
[0712/122730.486:ERROR:zip_reader.cc(153)] Cannot open ZIP from file handle 00000000000001EC
[0712/122730.486:ERROR:zip.cc(202)] Cannot open ZIP from file handle 00000000000001EC
[0712/123417.870:ERROR:zip_reader.cc(153)] Cannot open ZIP from file handle 00000000000001F4
[0712/123417.870:ERROR:zip.cc(202)] Cannot open ZIP from file handle 00000000000001F4
[0712/124501.374:ERROR:zip_reader.cc(153)] Cannot open ZIP from file handle 00000000000001EC
[0712/124501.374:ERROR:zip.cc(202)] Cannot open ZIP from file handle 00000000000001EC
[0712/132539.616:ERROR:zip_reader.cc(153)] Cannot open ZIP from file handle 00000000000001EC
[0712/132539.616:ERROR:zip.cc(202)] Cannot open ZIP from file handle 00000000000001EC
[0712/132923.987:ERROR:zip_reader.cc(153)] Cannot open ZIP from file handle 00000000000001EC
[0712/132923.987:ERROR:zip.cc(202)] Cannot open ZIP from file handle 00000000000001EC
[0712/133100.143:ERROR:zip_reader.cc(153)] Cannot open ZIP from file handle 00000000000000E4
[0712/133100.143:ERROR:zip.cc(202)] Cannot open ZIP from file handle 00000000000000E4
[0712/134728.865:ERROR:zip_reader.cc(153)] Cannot open ZIP from file handle 00000000000001EC
[0712/134728.865:ERROR:zip.cc(202)] Cannot open ZIP from file handle 00000000000001EC
[0712/135001.833:ERROR:zip_reader.cc(153)] Cannot open ZIP from file handle 00000000000001EC
[0712/135001.833:ERROR:zip.cc(202)] Cannot open ZIP from file handle 00000000000001EC
[0712/135033.460:ERROR:zip_reader.cc(153)] Cannot open ZIP from file handle 00000000000001B0
[0712/135033.460:ERROR:zip.cc(202)] Cannot open ZIP from file handle 00000000000001B0
[0712/135149.126:ERROR:zip_reader.cc(153)] Cannot open ZIP from file handle 00000000000001EC
[0712/135149.126:ERROR:zip.cc(202)] Cannot open ZIP from file handle 00000000000001EC
[0712/135452.036:ERROR:zip_reader.cc(153)] Cannot open ZIP from file handle 00000000000001EC
[0712/135452.036:ERROR:zip.cc(202)] Cannot open ZIP from file handle 00000000000001EC
[0712/135640.720:ERROR:zip_reader.cc(153)] Cannot open ZIP from file handle 00000000000001EC
[0712/135640.720:ERROR:zip.cc(202)] Cannot open ZIP from file handle 00000000000001EC
[0712/140445.211:ERROR:zip_reader.cc(153)] Cannot open ZIP from file handle 00000000000001EC
[0712/140445.211:ERROR:zip.cc(202)] Cannot open ZIP from file handle 00000000000001EC
[0712/165053.915:ERROR:zip_reader.cc(153)] Cannot open ZIP from file handle 00000000000001F0
[0712/165053.915:ERROR:zip.cc(202)] Cannot open ZIP from file handle 00000000000001F0
[0712/171018.052:ERROR:zip_reader.cc(153)] Cannot open ZIP from file handle 00000000000001EC
[0712/171018.052:ERROR:zip.cc(202)] Cannot open ZIP from file handle 00000000000001EC
[0712/171310.766:ERROR:zip_reader.cc(153)] Cannot open ZIP from file handle 00000000000001EC
[0712/171310.767:ERROR:zip.cc(202)] Cannot open ZIP from file handle 00000000000001EC
[0712/171536.039:ERROR:zip_reader.cc(153)] Cannot open ZIP from file handle 00000000000001EC
[0712/171536.039:ERROR:zip.cc(202)] Cannot open ZIP from file handle 00000000000001EC
[0712/171618.615:ERROR:zip_reader.cc(153)] Cannot open ZIP from file handle 00000000000001EC
[0712/171618.616:ERROR:zip.cc(202)] Cannot open ZIP from file handle 00000000000001EC
[0712/172950.407:ERROR:zip_reader.cc(153)] Cannot open ZIP from file handle 00000000000001EC
[0712/172950.407:ERROR:zip.cc(202)] Cannot open ZIP from file handle 00000000000001EC
[0712/174351.853:ERROR:zip_reader.cc(153)] Cannot open ZIP from file handle 00000000000001EC
[0712/174351.853:ERROR:zip.cc(202)] Cannot open ZIP from file handle 00000000000001EC
[0712/174410.750:ERROR:zip_reader.cc(153)] Cannot open ZIP from file handle 00000000000001EC
[0712/174410.750:ERROR:zip.cc(202)] Cannot open ZIP from file handle 00000000000001EC
[0712/174504.467:ERROR:zip_reader.cc(153)] Cannot open ZIP from file handle 00000000000001EC
[0712/174504.467:ERROR:zip.cc(202)] Cannot open ZIP from file handle 00000000000001EC
[0712/174832.130:ERROR:zip_reader.cc(153)] Cannot open ZIP from file handle 00000000000001EC
[0712/174832.130:ERROR:zip.cc(202)] Cannot open ZIP from file handle 00000000000001EC
[0712/174959.522:ERROR:zip_reader.cc(153)] Cannot open ZIP from file handle 00000000000001EC
[0712/174959.522:ERROR:zip.cc(202)] Cannot open ZIP from file handle 00000000000001EC
[0712/175941.920:ERROR:zip_reader.cc(153)] Cannot open ZIP from file handle 00000000000001EC
[0712/175941.920:ERROR:zip.cc(202)] Cannot open ZIP from file handle 00000000000001EC
[0712/180118.714:ERROR:zip_reader.cc(153)] Cannot open ZIP from file handle 00000000000001EC
[0712/180118.714:ERROR:zip.cc(202)] Cannot open ZIP from file handle 00000000000001EC
[0712/180213.428:ERROR:zip_reader.cc(153)] Cannot open ZIP from file handle 00000000000001EC
[0712/180213.428:ERROR:zip.cc(202)] Cannot open ZIP from file handle 00000000000001EC
[0712/180301.707:ERROR:zip_reader.cc(153)] Cannot open ZIP from file handle 00000000000001EC
[0712/180301.707:ERROR:zip.cc(202)] Cannot open ZIP from file handle 00000000000001EC
[0712/181147.648:ERROR:zip_reader.cc(153)] Cannot open ZIP from file handle 00000000000001EC
[0712/181147.648:ERROR:zip.cc(202)] Cannot open ZIP from file handle 00000000000001EC
[0712/181309.302:ERROR:zip_reader.cc(153)] Cannot open ZIP from file handle 00000000000001EC
[0712/181309.302:ERROR:zip.cc(202)] Cannot open ZIP from file handle 00000000000001EC
[0712/181830.132:ERROR:zip_reader.cc(153)] Cannot open ZIP from file handle 00000000000001EC
[0712/181830.132:ERROR:zip.cc(202)] Cannot open ZIP from file handle 00000000000001EC
[0712/184522.850:ERROR:zip_reader.cc(153)] Cannot open ZIP from file handle 00000000000001EC
[0712/184522.850:ERROR:zip.cc(202)] Cannot open ZIP from file handle 00000000000001EC
[0712/185218.792:ERROR:zip_reader.cc(153)] Cannot open ZIP from file handle 00000000000001EC
[0712/185218.793:ERROR:zip.cc(202)] Cannot open ZIP from file handle 00000000000001EC
[0712/191619.867:ERROR:zip_reader.cc(153)] Cannot open ZIP from file handle 00000000000001EC
[0712/191619.867:ERROR:zip.cc(202)] Cannot open ZIP from file handle 00000000000001EC
[0712/191857.852:ERROR:zip_reader.cc(153)] Cannot open ZIP from file handle 00000000000001EC
[0712/191857.853:ERROR:zip.cc(202)] Cannot open ZIP from file handle 00000000000001EC
[0712/191931.539:ERROR:zip_reader.cc(153)] Cannot open ZIP from file handle 00000000000001EC
[0712/191931.539:ERROR:zip.cc(202)] Cannot open ZIP from file handle 00000000000001EC
[0713/113817.806:ERROR:zip_reader.cc(153)] Cannot open ZIP from file handle 00000000000001EC
[0713/113817.806:ERROR:zip.cc(202)] Cannot open ZIP from file handle 00000000000001EC
[0713/221030.408:ERROR:zip_reader.cc(153)] Cannot open ZIP from file handle 00000000000001EC
[0713/221030.408:ERROR:zip.cc(202)] Cannot open ZIP from file handle 00000000000001EC
[0714/192758.204:ERROR:zip_reader.cc(153)] Cannot open ZIP from file handle 00000000000001EC
[0714/192758.222:ERROR:zip.cc(202)] Cannot open ZIP from file handle 00000000000001EC
[0714/194322.063:ERROR:zip_reader.cc(153)] Cannot open ZIP from file handle 00000000000001EC
[0714/194322.064:ERROR:zip.cc(202)] Cannot open ZIP from file handle 00000000000001EC
[0714/195525.508:ERROR:zip_reader.cc(153)] Cannot open ZIP from file handle 00000000000001EC
[0714/195525.508:ERROR:zip.cc(202)] Cannot open ZIP from file handle 00000000000001EC
[0715/141809.802:ERROR:zip_reader.cc(153)] Cannot open ZIP from file handle 00000000000001EC
[0715/141809.802:ERROR:zip.cc(202)] Cannot open ZIP from file handle 00000000000001EC
[0715/142313.607:ERROR:zip_reader.cc(153)] Cannot open ZIP from file handle 00000000000000F8
[0715/142313.607:ERROR:zip.cc(202)] Cannot open ZIP from file handle 00000000000000F8
[0715/210856.825:ERROR:zip_reader.cc(153)] Cannot open ZIP from file handle 00000000000001EC
[0715/210856.845:ERROR:zip.cc(202)] Cannot open ZIP from file handle 00000000000001EC
[0716/090320.515:ERROR:zip_reader.cc(153)] Cannot open ZIP from file handle 00000000000001EC
[0716/090320.515:ERROR:zip.cc(202)] Cannot open ZIP from file handle 00000000000001EC
[0716/090340.001:ERROR:zip_reader.cc(153)] Cannot open ZIP from file handle 00000000000001EC
[0716/090340.001:ERROR:zip.cc(202)] Cannot open ZIP from file handle 00000000000001EC
[0716/091023.505:ERROR:zip_reader.cc(153)] Cannot open ZIP from file handle 00000000000001EC
[0716/091023.505:ERROR:zip.cc(202)] Cannot open ZIP from file handle 00000000000001EC
[0716/093318.675:ERROR:zip_reader.cc(153)] Cannot open ZIP from file handle 00000000000001EC
[0716/093318.675:ERROR:zip.cc(202)] Cannot open ZIP from file handle 00000000000001EC
[0716/133412.799:ERROR:zip_reader.cc(153)] Cannot open ZIP from file handle 00000000000001EC
[0716/133412.799:ERROR:zip.cc(202)] Cannot open ZIP from file handle 00000000000001EC
[0716/213013.985:ERROR:zip_reader.cc(153)] Cannot open ZIP from file handle 000000000000017C
[0716/213013.995:ERROR:zip.cc(202)] Cannot open ZIP from file handle 000000000000017C
[0717/105728.971:ERROR:zip_reader.cc(153)] Cannot open ZIP from file handle 00000000000001EC
[0717/105728.971:ERROR:zip.cc(202)] Cannot open ZIP from file handle 00000000000001EC
[0718/123546.770:ERROR:zip_reader.cc(153)] Cannot open ZIP from file handle 00000000000001EC
[0718/123546.770:ERROR:zip.cc(202)] Cannot open ZIP from file handle 00000000000001EC
[0718/133108.427:ERROR:zip_reader.cc(153)] Cannot open ZIP from file handle 00000000000001EC
[0718/133108.427:ERROR:zip.cc(202)] Cannot open ZIP from file handle 00000000000001EC
[0718/191926.104:ERROR:zip_reader.cc(153)] Cannot open ZIP from file handle 00000000000001EC
[0718/191926.114:ERROR:zip.cc(202)] Cannot open ZIP from file handle 00000000000001EC
[0719/110806.403:ERROR:zip_reader.cc(153)] Cannot open ZIP from file handle 00000000000001EC
[0719/110806.403:ERROR:zip.cc(202)] Cannot open ZIP from file handle 00000000000001EC
[0719/111319.653:ERROR:zip_reader.cc(153)] Cannot open ZIP from file handle 00000000000001EC
[0719/111319.653:ERROR:zip.cc(202)] Cannot open ZIP from file handle 00000000000001EC
[0719/111344.506:ERROR:zip_reader.cc(153)] Cannot open ZIP from file handle 00000000000001EC
[0719/111344.506:ERROR:zip.cc(202)] Cannot open ZIP from file handle 00000000000001EC
[0830/131904.021:ERROR:zip_reader.cc(153)] Cannot open ZIP from file handle 00000000000001F0
[0830/131904.045:ERROR:zip.cc(202)] Cannot open ZIP from file handle 00000000000001F0
[0905/194547.411:ERROR:zip_reader.cc(153)] Cannot open ZIP from file handle 00000000000001EC
[0905/194547.411:ERROR:zip.cc(202)] Cannot open ZIP from file handle 00000000000001EC
[0905/202931.272:ERROR:zip_reader.cc(153)] Cannot open ZIP from file handle 00000000000000BC
[0905/202931.273:ERROR:zip.cc(202)] Cannot open ZIP from file handle 00000000000000BC
[0922/213756.286:ERROR:zip_reader.cc(153)] Cannot open ZIP from file handle 00000000000001EC
[0922/213756.286:ERROR:zip.cc(202)] Cannot open ZIP from file handle 00000000000001EC
[0928/212516.832:ERROR:zip_reader.cc(153)] Cannot open ZIP from file handle 00000000000001EC
[0928/212516.845:ERROR:zip.cc(202)] Cannot open ZIP from file handle 00000000000001EC
[1003/103744.341:ERROR:zip_reader.cc(153)] Cannot open ZIP from file handle 00000000000001EC
[1003/103744.341:ERROR:zip.cc(202)] Cannot open ZIP from file handle 00000000000001EC
[1003/195547.489:ERROR:zip_reader.cc(153)] Cannot open ZIP from file handle 00000000000001EC
[1003/195547.510:ERROR:zip.cc(202)] Cannot open ZIP from file handle 00000000000001EC
[1004/000945.469:ERROR:zip_reader.cc(153)] Cannot open ZIP from file handle 00000000000001EC
[1004/000945.470:ERROR:zip.cc(202)] Cannot open ZIP from file handle 00000000000001EC
[1005/101119.063:ERROR:zip_reader.cc(153)] Cannot open ZIP from file handle 00000000000001EC
[1005/101119.063:ERROR:zip.cc(202)] Cannot open ZIP from file handle 00000000000001EC
[1005/132113.954:ERROR:zip_reader.cc(153)] Cannot open ZIP from file handle 00000000000001EC
[1005/132113.954:ERROR:zip.cc(202)] Cannot open ZIP from file handle 00000000000001EC
[1005/132429.685:ERROR:zip_reader.cc(153)] Cannot open ZIP from file handle 0000000000000204
[1005/132429.685:ERROR:zip.cc(202)] Cannot open ZIP from file handle 0000000000000204
[1005/132458.991:ERROR:zip_reader.cc(153)] Cannot open ZIP from file handle 00000000000001F4
[1005/132458.991:ERROR:zip.cc(202)] Cannot open ZIP from file handle 00000000000001F4
[1005/135326.527:ERROR:zip_reader.cc(153)] Cannot open ZIP from file handle 00000000000001EC
[1005/135326.527:ERROR:zip.cc(202)] Cannot open ZIP from file handle 00000000000001EC
[1005/140015.294:ERROR:zip_reader.cc(153)] Cannot open ZIP from file handle 00000000000001EC
[1005/140015.294:ERROR:zip.cc(202)] Cannot open ZIP from file handle 00000000000001EC
[1005/140807.194:ERROR:zip_reader.cc(153)] Cannot open ZIP from file handle 00000000000001EC
[1005/140807.194:ERROR:zip.cc(202)] Cannot open ZIP from file handle 00000000000001EC
[1005/143226.518:ERROR:zip_reader.cc(153)] Cannot open ZIP from file handle 00000000000001EC
[1005/143226.518:ERROR:zip.cc(202)] Cannot open ZIP from file handle 00000000000001EC
[1005/143546.018:ERROR:zip_reader.cc(153)] Cannot open ZIP from file handle 00000000000001EC
[1005/143546.018:ERROR:zip.cc(202)] Cannot open ZIP from file handle 00000000000001EC
[1005/144843.277:ERROR:zip_reader.cc(153)] Cannot open ZIP from file handle 00000000000001EC
[1005/144843.277:ERROR:zip.cc(202)] Cannot open ZIP from file handle 00000000000001EC
[1005/144953.328:ERROR:zip_reader.cc(153)] Cannot open ZIP from file handle 00000000000001EC
[1005/144953.328:ERROR:zip.cc(202)] Cannot open ZIP from file handle 00000000000001EC
[1005/152718.973:ERROR:zip_reader.cc(153)] Cannot open ZIP from file handle 00000000000001EC
[1005/152718.973:ERROR:zip.cc(202)] Cannot open ZIP from file handle 00000000000001EC
[1005/154109.194:ERROR:zip_reader.cc(153)] Cannot open ZIP from file handle 00000000000001EC
[1005/154109.194:ERROR:zip.cc(202)] Cannot open ZIP from file handle 00000000000001EC
[1005/155247.221:ERROR:zip_reader.cc(153)] Cannot open ZIP from file handle 00000000000001EC
[1005/155247.221:ERROR:zip.cc(202)] Cannot open ZIP from file handle 00000000000001EC
[1005/155437.057:ERROR:zip_reader.cc(153)] Cannot open ZIP from file handle 00000000000001EC
[1005/155437.058:ERROR:zip.cc(202)] Cannot open ZIP from file handle 00000000000001EC
[1005/155650.458:ERROR:zip_reader.cc(153)] Cannot open ZIP from file handle 00000000000001EC
[1005/155650.458:ERROR:zip.cc(202)] Cannot open ZIP from file handle 00000000000001EC
[1005/155745.994:ERROR:zip_reader.cc(153)] Cannot open ZIP from file handle 00000000000001EC
[1005/155745.994:ERROR:zip.cc(202)] Cannot open ZIP from file handle 00000000000001EC
[1005/155929.699:ERROR:zip_reader.cc(153)] Cannot open ZIP from file handle 00000000000001EC
[1005/155929.699:ERROR:zip.cc(202)] Cannot open ZIP from file handle 00000000000001EC
[1005/162739.968:ERROR:zip_reader.cc(153)] Cannot open ZIP from file handle 00000000000001EC
[1005/162739.968:ERROR:zip.cc(202)] Cannot open ZIP from file handle 00000000000001EC
[1005/170443.967:ERROR:zip_reader.cc(153)] Cannot open ZIP from file handle 00000000000001EC
[1005/170443.968:ERROR:zip.cc(202)] Cannot open ZIP from file handle 00000000000001EC
[1005/172425.069:ERROR:zip_reader.cc(153)] Cannot open ZIP from file handle 00000000000001EC
[1005/172425.069:ERROR:zip.cc(202)] Cannot open ZIP from file handle 00000000000001EC
[1005/181301.598:ERROR:zip_reader.cc(153)] Cannot open ZIP from file handle 00000000000001EC
[1005/181301.598:ERROR:zip.cc(202)] Cannot open ZIP from file handle 00000000000001EC
[1005/193114.586:ERROR:zip_reader.cc(153)] Cannot open ZIP from file handle 00000000000001EC
[1005/193114.586:ERROR:zip.cc(202)] Cannot open ZIP from file handle 00000000000001EC
[1005/193501.434:ERROR:zip_reader.cc(153)] Cannot open ZIP from file handle 00000000000001EC
[1005/193501.515:ERROR:zip.cc(202)] Cannot open ZIP from file handle 00000000000001EC
[1005/194552.495:ERROR:zip_reader.cc(153)] Cannot open ZIP from file handle 00000000000001EC
[1005/194552.495:ERROR:zip.cc(202)] Cannot open ZIP from file handle 00000000000001EC
[1005/194748.096:ERROR:zip_reader.cc(153)] Cannot open ZIP from file handle 00000000000001EC
[1005/194748.096:ERROR:zip.cc(202)] Cannot open ZIP from file handle 00000000000001EC
[1005/195051.821:ERROR:zip_reader.cc(153)] Cannot open ZIP from file handle 00000000000001EC
[1005/195051.821:ERROR:zip.cc(202)] Cannot open ZIP from file handle 00000000000001EC
[1005/195930.933:ERROR:zip_reader.cc(153)] Cannot open ZIP from file handle 00000000000001EC
[1005/195930.933:ERROR:zip.cc(202)] Cannot open ZIP from file handle 00000000000001EC
[1005/200615.818:ERROR:zip_reader.cc(153)] Cannot open ZIP from file handle 00000000000001EC
[1005/200615.818:ERROR:zip.cc(202)] Cannot open ZIP from file handle 00000000000001EC
[1005/204451.753:ERROR:zip_reader.cc(153)] Cannot open ZIP from file handle 00000000000001B0
[1005/204451.753:ERROR:zip.cc(202)] Cannot open ZIP from file handle 00000000000001B0
[1005/204614.797:ERROR:zip_reader.cc(153)] Cannot open ZIP from file handle 00000000000001F4
[1005/204614.797:ERROR:zip.cc(202)] Cannot open ZIP from file handle 00000000000001F4
[1005/204854.559:ERROR:zip_reader.cc(153)] Cannot open ZIP from file handle 00000000000001EC
[1005/204854.559:ERROR:zip.cc(202)] Cannot open ZIP from file handle 00000000000001EC
[1005/205030.720:ERROR:zip_reader.cc(153)] Cannot open ZIP from file handle 00000000000001EC
[1005/205030.720:ERROR:zip.cc(202)] Cannot open ZIP from file handle 00000000000001EC
[1005/205045.207:ERROR:zip_reader.cc(153)] Cannot open ZIP from file handle 00000000000001EC
[1005/205045.207:ERROR:zip.cc(202)] Cannot open ZIP from file handle 00000000000001EC
[1005/205209.036:ERROR:zip_reader.cc(153)] Cannot open ZIP from file handle 00000000000001EC
[1005/205209.036:ERROR:zip.cc(202)] Cannot open ZIP from file handle 00000000000001EC
[1005/205423.711:ERROR:zip_reader.cc(153)] Cannot open ZIP from file handle 00000000000000BC
[1005/205423.711:ERROR:zip.cc(202)] Cannot open ZIP from file handle 00000000000000BC
[1005/210327.374:ERROR:zip_reader.cc(153)] Cannot open ZIP from file handle 00000000000001EC
[1005/210327.374:ERROR:zip.cc(202)] Cannot open ZIP from file handle 00000000000001EC
[1005/210335.913:ERROR:zip_reader.cc(153)] Cannot open ZIP from file handle 00000000000001EC
[1005/210335.913:ERROR:zip.cc(202)] Cannot open ZIP from file handle 00000000000001EC
[1005/211334.768:ERROR:zip_reader.cc(153)] Cannot open ZIP from file handle 00000000000001EC
[1005/211334.769:ERROR:zip.cc(202)] Cannot open ZIP from file handle 00000000000001EC
[1005/213139.606:ERROR:zip_reader.cc(153)] Cannot open ZIP from file handle 00000000000001EC
[1005/213139.606:ERROR:zip.cc(202)] Cannot open ZIP from file handle 00000000000001EC
[1005/213831.017:ERROR:zip_reader.cc(153)] Cannot open ZIP from file handle 00000000000001EC
[1005/213831.017:ERROR:zip.cc(202)] Cannot open ZIP from file handle 00000000000001EC
[1005/213949.096:ERROR:zip_reader.cc(153)] Cannot open ZIP from file handle 00000000000001EC
[1005/213949.096:ERROR:zip.cc(202)] Cannot open ZIP from file handle 00000000000001EC
[1005/214512.163:ERROR:zip_reader.cc(153)] Cannot open ZIP from file handle 0000000000000204
[1005/214512.163:ERROR:zip.cc(202)] Cannot open ZIP from file handle 0000000000000204
[1005/215018.334:ERROR:zip_reader.cc(153)] Cannot open ZIP from file handle 00000000000001EC
[1005/215018.334:ERROR:zip.cc(202)] Cannot open ZIP from file handle 00000000000001EC
[1005/215043.888:ERROR:zip_reader.cc(153)] Cannot open ZIP from file handle 00000000000001F4
[1005/215043.888:ERROR:zip.cc(202)] Cannot open ZIP from file handle 00000000000001F4
[1005/215451.304:ERROR:zip_reader.cc(153)] Cannot open ZIP from file handle 00000000000001EC
[1005/215451.305:ERROR:zip.cc(202)] Cannot open ZIP from file handle 00000000000001EC
[1005/215858.193:ERROR:zip_reader.cc(153)] Cannot open ZIP from file handle 00000000000001EC
[1005/215858.193:ERROR:zip.cc(202)] Cannot open ZIP from file handle 00000000000001EC
[1006/142123.726:ERROR:zip_reader.cc(153)] Cannot open ZIP from file handle 00000000000001EC
[1006/142123.737:ERROR:zip.cc(202)] Cannot open ZIP from file handle 00000000000001EC
[1006/142316.641:ERROR:zip_reader.cc(153)] Cannot open ZIP from file handle 00000000000001EC
[1006/142316.641:ERROR:zip.cc(202)] Cannot open ZIP from file handle 00000000000001EC
[1006/145015.771:ERROR:zip_reader.cc(153)] Cannot open ZIP from file handle 00000000000001EC
[1006/145015.771:ERROR:zip.cc(202)] Cannot open ZIP from file handle 00000000000001EC
[1006/145348.131:ERROR:zip_reader.cc(153)] Cannot open ZIP from file handle 00000000000001EC
[1006/145348.131:ERROR:zip.cc(202)] Cannot open ZIP from file handle 00000000000001EC
[1006/150142.096:ERROR:zip_reader.cc(153)] Cannot open ZIP from file handle 00000000000001EC
[1006/150142.097:ERROR:zip.cc(202)] Cannot open ZIP from file handle 00000000000001EC
[1006/151823.686:ERROR:zip_reader.cc(153)] Cannot open ZIP from file handle 00000000000001EC
[1006/151823.686:ERROR:zip.cc(202)] Cannot open ZIP from file handle 00000000000001EC
[1009/092006.973:ERROR:zip_reader.cc(153)] Cannot open ZIP from file handle 00000000000001EC
[1009/092006.973:ERROR:zip.cc(202)] Cannot open ZIP from file handle 00000000000001EC
[1009/092458.390:ERROR:zip_reader.cc(153)] Cannot open ZIP from file handle 00000000000001EC
[1009/092458.390:ERROR:zip.cc(202)] Cannot open ZIP from file handle 00000000000001EC
[1009/092537.282:ERROR:zip_reader.cc(153)] Cannot open ZIP from file handle 00000000000001B0
[1009/092537.282:ERROR:zip.cc(202)] Cannot open ZIP from file handle 00000000000001B0
[1009/092705.302:ERROR:zip_reader.cc(153)] Cannot open ZIP from file handle 00000000000001EC
[1009/092705.302:ERROR:zip.cc(202)] Cannot open ZIP from file handle 00000000000001EC
[1009/115322.755:ERROR:zip_reader.cc(153)] Cannot open ZIP from file handle 00000000000001EC
[1009/115322.755:ERROR:zip.cc(202)] Cannot open ZIP from file handle 00000000000001EC
[1009/115838.721:ERROR:zip_reader.cc(153)] Cannot open ZIP from file handle 00000000000001EC
[1009/115838.721:ERROR:zip.cc(202)] Cannot open ZIP from file handle 00000000000001EC
[1009/120146.096:ERROR:zip_reader.cc(153)] Cannot open ZIP from file handle 00000000000001EC
[1009/120146.096:ERROR:zip.cc(202)] Cannot open ZIP from file handle 00000000000001EC
[1009/120219.602:ERROR:zip_reader.cc(153)] Cannot open ZIP from file handle 00000000000001EC
[1009/120219.602:ERROR:zip.cc(202)] Cannot open ZIP from file handle 00000000000001EC
[1009/122126.776:ERROR:zip_reader.cc(153)] Cannot open ZIP from file handle 00000000000001EC
[1009/122126.776:ERROR:zip.cc(202)] Cannot open ZIP from file handle 00000000000001EC
[1009/122205.987:ERROR:zip_reader.cc(153)] Cannot open ZIP from file handle 00000000000001EC
[1009/122205.987:ERROR:zip.cc(202)] Cannot open ZIP from file handle 00000000000001EC
[1009/122335.001:ERROR:zip_reader.cc(153)] Cannot open ZIP from file handle 00000000000000BC
[1009/122335.001:ERROR:zip.cc(202)] Cannot open ZIP from file handle 00000000000000BC
[1009/122428.184:ERROR:zip_reader.cc(153)] Cannot open ZIP from file handle 00000000000001EC
[1009/122428.184:ERROR:zip.cc(202)] Cannot open ZIP from file handle 00000000000001EC
[1009/122518.218:ERROR:zip_reader.cc(153)] Cannot open ZIP from file handle 00000000000001EC
[1009/122518.218:ERROR:zip.cc(202)] Cannot open ZIP from file handle 00000000000001EC
[1009/125754.152:ERROR:zip_reader.cc(153)] Cannot open ZIP from file handle 00000000000001EC
[1009/125754.152:ERROR:zip.cc(202)] Cannot open ZIP from file handle 00000000000001EC
[1009/130353.999:ERROR:zip_reader.cc(153)] Cannot open ZIP from file handle 00000000000001EC
[1009/130353.999:ERROR:zip.cc(202)] Cannot open ZIP from file handle 00000000000001EC
[1009/130912.481:ERROR:zip_reader.cc(153)] Cannot open ZIP from file handle 00000000000001EC
[1009/130912.481:ERROR:zip.cc(202)] Cannot open ZIP from file handle 00000000000001EC
[1009/131055.070:ERROR:zip_reader.cc(153)] Cannot open ZIP from file handle 00000000000001EC
[1009/131055.070:ERROR:zip.cc(202)] Cannot open ZIP from file handle 00000000000001EC
[1009/131629.785:ERROR:zip_reader.cc(153)] Cannot open ZIP from file handle 00000000000001EC
[1009/131629.785:ERROR:zip.cc(202)] Cannot open ZIP from file handle 00000000000001EC
[1009/131759.131:ERROR:zip_reader.cc(153)] Cannot open ZIP from file handle 00000000000001EC
[1009/131759.264:ERROR:zip.cc(202)] Cannot open ZIP from file handle 00000000000001EC
[1009/131941.977:ERROR:zip_reader.cc(153)] Cannot open ZIP from file handle 00000000000001EC
[1009/131941.977:ERROR:zip.cc(202)] Cannot open ZIP from file handle 00000000000001EC
[1009/135330.403:ERROR:zip_reader.cc(153)] Cannot open ZIP from file handle 00000000000001EC
[1009/135330.403:ERROR:zip.cc(202)] Cannot open ZIP from file handle 00000000000001EC
[1009/135802.855:ERROR:zip_reader.cc(153)] Cannot open ZIP from file handle 00000000000001EC
[1009/135802.855:ERROR:zip.cc(202)] Cannot open ZIP from file handle 00000000000001EC
[1009/144215.422:ERROR:zip_reader.cc(153)] Cannot open ZIP from file handle 00000000000001EC
[1009/144215.422:ERROR:zip.cc(202)] Cannot open ZIP from file handle 00000000000001EC
[1009/145133.348:ERROR:zip_reader.cc(153)] Cannot open ZIP from file handle 00000000000001EC
[1009/145133.348:ERROR:zip.cc(202)] Cannot open ZIP from file handle 00000000000001EC
[1009/145358.283:ERROR:zip_reader.cc(153)] Cannot open ZIP from file handle 00000000000001EC
[1009/145358.283:ERROR:zip.cc(202)] Cannot open ZIP from file handle 00000000000001EC
[1009/145616.554:ERROR:zip_reader.cc(153)] Cannot open ZIP from file handle 00000000000001EC
[1009/145616.554:ERROR:zip.cc(202)] Cannot open ZIP from file handle 00000000000001EC
[1009/145658.724:ERROR:zip_reader.cc(153)] Cannot open ZIP from file handle 00000000000001EC
[1009/145658.724:ERROR:zip.cc(202)] Cannot open ZIP from file handle 00000000000001EC
[1009/145917.264:ERROR:zip_reader.cc(153)] Cannot open ZIP from file handle 00000000000001EC
[1009/145917.264:ERROR:zip.cc(202)] Cannot open ZIP from file handle 00000000000001EC
[1009/152801.786:ERROR:zip_reader.cc(153)] Cannot open ZIP from file handle 00000000000001EC
[1009/152801.786:ERROR:zip.cc(202)] Cannot open ZIP from file handle 00000000000001EC
[1009/152835.169:ERROR:zip_reader.cc(153)] Cannot open ZIP from file handle 00000000000001EC
[1009/152835.169:ERROR:zip.cc(202)] Cannot open ZIP from file handle 00000000000001EC
[1009/153303.862:ERROR:zip_reader.cc(153)] Cannot open ZIP from file handle 00000000000001EC
[1009/153303.862:ERROR:zip.cc(202)] Cannot open ZIP from file handle 00000000000001EC
[1009/153459.200:ERROR:zip_reader.cc(153)] Cannot open ZIP from file handle 00000000000001EC
[1009/153459.200:ERROR:zip.cc(202)] Cannot open ZIP from file handle 00000000000001EC
[1009/153800.938:ERROR:zip_reader.cc(153)] Cannot open ZIP from file handle 00000000000001EC
[1009/153800.938:ERROR:zip.cc(202)] Cannot open ZIP from file handle 00000000000001EC
[1009/154308.101:ERROR:zip_reader.cc(153)] Cannot open ZIP from file handle 00000000000001EC
[1009/154308.101:ERROR:zip.cc(202)] Cannot open ZIP from file handle 00000000000001EC
[1009/154841.343:ERROR:zip_reader.cc(153)] Cannot open ZIP from file handle 00000000000001EC
[1009/154841.343:ERROR:zip.cc(202)] Cannot open ZIP from file handle 00000000000001EC
[1009/155049.984:ERROR:zip_reader.cc(153)] Cannot open ZIP from file handle 00000000000001EC
[1009/155049.984:ERROR:zip.cc(202)] Cannot open ZIP from file handle 00000000000001EC
[1009/160023.310:ERROR:zip_reader.cc(153)] Cannot open ZIP from file handle 00000000000001EC
[1009/160023.310:ERROR:zip.cc(202)] Cannot open ZIP from file handle 00000000000001EC
[1009/160555.492:ERROR:zip_reader.cc(153)] Cannot open ZIP from file handle 00000000000001EC
[1009/160555.492:ERROR:zip.cc(202)] Cannot open ZIP from file handle 00000000000001EC
[1009/160809.102:ERROR:zip_reader.cc(153)] Cannot open ZIP from file handle 00000000000001EC
[1009/160809.102:ERROR:zip.cc(202)] Cannot open ZIP from file handle 00000000000001EC
[1009/161012.841:ERROR:zip_reader.cc(153)] Cannot open ZIP from file handle 00000000000001EC
[1009/161012.841:ERROR:zip.cc(202)] Cannot open ZIP from file handle 00000000000001EC
[1009/161541.406:ERROR:zip_reader.cc(153)] Cannot open ZIP from file handle 00000000000001EC
[1009/161541.406:ERROR:zip.cc(202)] Cannot open ZIP from file handle 00000000000001EC
[1009/162437.879:ERROR:zip_reader.cc(153)] Cannot open ZIP from file handle 00000000000001EC
[1009/162437.879:ERROR:zip.cc(202)] Cannot open ZIP from file handle 00000000000001EC
[1009/163645.888:ERROR:zip_reader.cc(153)] Cannot open ZIP from file handle 00000000000001F4
[1009/163645.888:ERROR:zip.cc(202)] Cannot open ZIP from file handle 00000000000001F4
[1009/164535.854:ERROR:zip_reader.cc(153)] Cannot open ZIP from file handle 00000000000001EC
[1009/164535.854:ERROR:zip.cc(202)] Cannot open ZIP from file handle 00000000000001EC
[1009/170637.745:ERROR:zip_reader.cc(153)] Cannot open ZIP from file handle 00000000000001EC
[1009/170637.746:ERROR:zip.cc(202)] Cannot open ZIP from file handle 00000000000001EC
[1009/171904.656:ERROR:zip_reader.cc(153)] Cannot open ZIP from file handle 00000000000001EC
[1009/171904.656:ERROR:zip.cc(202)] Cannot open ZIP from file handle 00000000000001EC
[1009/172355.523:ERROR:zip_reader.cc(153)] Cannot open ZIP from file handle 0000000000000210
[1009/172355.524:ERROR:zip.cc(202)] Cannot open ZIP from file handle 0000000000000210
[1009/173825.924:ERROR:zip_reader.cc(153)] Cannot open ZIP from file handle 00000000000001EC
[1009/173825.924:ERROR:zip.cc(202)] Cannot open ZIP from file handle 00000000000001EC
[1009/174204.161:ERROR:zip_reader.cc(153)] Cannot open ZIP from file handle 00000000000001EC
[1009/174204.161:ERROR:zip.cc(202)] Cannot open ZIP from file handle 00000000000001EC
[1009/174249.702:ERROR:zip_reader.cc(153)] Cannot open ZIP from file handle 00000000000001EC
[1009/174249.702:ERROR:zip.cc(202)] Cannot open ZIP from file handle 00000000000001EC
[1009/174355.862:ERROR:zip_reader.cc(153)] Cannot open ZIP from file handle 00000000000001EC
[1009/174355.862:ERROR:zip.cc(202)] Cannot open ZIP from file handle 00000000000001EC
[1009/174519.236:ERROR:zip_reader.cc(153)] Cannot open ZIP from file handle 00000000000001EC
[1009/174519.236:ERROR:zip.cc(202)] Cannot open ZIP from file handle 00000000000001EC
[1009/175756.800:ERROR:zip_reader.cc(153)] Cannot open ZIP from file handle 00000000000001DC
[1009/175756.800:ERROR:zip.cc(202)] Cannot open ZIP from file handle 00000000000001DC
[1009/180106.577:ERROR:zip_reader.cc(153)] Cannot open ZIP from file handle 00000000000001EC
[1009/180106.577:ERROR:zip.cc(202)] Cannot open ZIP from file handle 00000000000001EC
[1009/180235.634:ERROR:zip_reader.cc(153)] Cannot open ZIP from file handle 000000000000020C
[1009/180235.634:ERROR:zip.cc(202)] Cannot open ZIP from file handle 000000000000020C
[1009/180921.278:ERROR:zip_reader.cc(153)] Cannot open ZIP from file handle 00000000000001EC
[1009/180921.278:ERROR:zip.cc(202)] Cannot open ZIP from file handle 00000000000001EC
[1009/181143.765:ERROR:zip_reader.cc(153)] Cannot open ZIP from file handle 00000000000001EC
[1009/181143.765:ERROR:zip.cc(202)] Cannot open ZIP from file handle 00000000000001EC
[1009/181209.241:ERROR:zip_reader.cc(153)] Cannot open ZIP from file handle 00000000000001EC
[1009/181209.241:ERROR:zip.cc(202)] Cannot open ZIP from file handle 00000000000001EC
[1009/181356.836:ERROR:zip_reader.cc(153)] Cannot open ZIP from file handle 00000000000001EC
[1009/181356.836:ERROR:zip.cc(202)] Cannot open ZIP from file handle 00000000000001EC
[1009/181455.332:ERROR:zip_reader.cc(153)] Cannot open ZIP from file handle 00000000000001EC
[1009/181455.332:ERROR:zip.cc(202)] Cannot open ZIP from file handle 00000000000001EC
[1009/181630.372:ERROR:zip_reader.cc(153)] Cannot open ZIP from file handle 00000000000001EC
[1009/181630.372:ERROR:zip.cc(202)] Cannot open ZIP from file handle 00000000000001EC
[1009/182020.579:ERROR:zip_reader.cc(153)] Cannot open ZIP from file handle 00000000000001EC
[1009/182020.579:ERROR:zip.cc(202)] Cannot open ZIP from file handle 00000000000001EC
[1009/182113.881:ERROR:zip_reader.cc(153)] Cannot open ZIP from file handle 00000000000001EC
[1009/182113.881:ERROR:zip.cc(202)] Cannot open ZIP from file handle 00000000000001EC
[1009/182247.341:ERROR:zip_reader.cc(153)] Cannot open ZIP from file handle 00000000000001EC
[1009/182247.341:ERROR:zip.cc(202)] Cannot open ZIP from file handle 00000000000001EC
[1009/182823.273:ERROR:zip_reader.cc(153)] Cannot open ZIP from file handle 00000000000001EC
[1009/182823.274:ERROR:zip.cc(202)] Cannot open ZIP from file handle 00000000000001EC
[1009/184543.054:ERROR:zip_reader.cc(153)] Cannot open ZIP from file handle 00000000000001EC
[1009/184543.054:ERROR:zip.cc(202)] Cannot open ZIP from file handle 00000000000001EC
[1009/185733.141:ERROR:zip_reader.cc(153)] Cannot open ZIP from file handle 00000000000001EC
[1009/185733.141:ERROR:zip.cc(202)] Cannot open ZIP from file handle 00000000000001EC
[1009/191544.812:ERROR:zip_reader.cc(153)] Cannot open ZIP from file handle 00000000000001EC
[1009/191544.812:ERROR:zip.cc(202)] Cannot open ZIP from file handle 00000000000001EC
[1009/192318.003:ERROR:zip_reader.cc(153)] Cannot open ZIP from file handle 00000000000000CC
[1009/192318.003:ERROR:zip.cc(202)] Cannot open ZIP from file handle 00000000000000CC
[1009/193735.460:ERROR:zip_reader.cc(153)] Cannot open ZIP from file handle 00000000000001EC
[1009/193735.460:ERROR:zip.cc(202)] Cannot open ZIP from file handle 00000000000001EC
[1009/194756.135:ERROR:zip_reader.cc(153)] Cannot open ZIP from file handle 00000000000001EC
[1009/194756.135:ERROR:zip.cc(202)] Cannot open ZIP from file handle 00000000000001EC
[1009/194854.712:ERROR:zip_reader.cc(153)] Cannot open ZIP from file handle 00000000000001EC
[1009/194854.712:ERROR:zip.cc(202)] Cannot open ZIP from file handle 00000000000001EC
[1009/201401.139:ERROR:zip_reader.cc(153)] Cannot open ZIP from file handle 00000000000001EC
[1009/201401.139:ERROR:zip.cc(202)] Cannot open ZIP from file handle 00000000000001EC
[1009/213405.851:ERROR:zip_reader.cc(153)] Cannot open ZIP from file handle 00000000000001EC
[1009/213405.861:ERROR:zip.cc(202)] Cannot open ZIP from file handle 00000000000001EC
[1009/213418.872:ERROR:zip_reader.cc(153)] Cannot open ZIP from file handle 00000000000001EC
[1009/213418.872:ERROR:zip.cc(202)] Cannot open ZIP from file handle 00000000000001EC
[1009/213640.985:ERROR:zip_reader.cc(153)] Cannot open ZIP from file handle 00000000000001EC
[1009/213640.985:ERROR:zip.cc(202)] Cannot open ZIP from file handle 00000000000001EC
[1009/213850.547:ERROR:zip_reader.cc(153)] Cannot open ZIP from file handle 00000000000001DC
[1009/213850.547:ERROR:zip.cc(202)] Cannot open ZIP from file handle 00000000000001DC
[1009/213952.336:ERROR:zip_reader.cc(153)] Cannot open ZIP from file handle 00000000000001EC
[1009/213952.337:ERROR:zip.cc(202)] Cannot open ZIP from file handle 00000000000001EC
[1009/214611.833:ERROR:zip_reader.cc(153)] Cannot open ZIP from file handle 00000000000001B0
[1009/214611.833:ERROR:zip.cc(202)] Cannot open ZIP from file handle 00000000000001B0
[1009/214653.035:ERROR:zip_reader.cc(153)] Cannot open ZIP from file handle 00000000000001EC
[1009/214653.035:ERROR:zip.cc(202)] Cannot open ZIP from file handle 00000000000001EC
[1009/214754.029:ERROR:zip_reader.cc(153)] Cannot open ZIP from file handle 000000000000017C
[1009/214754.029:ERROR:zip.cc(202)] Cannot open ZIP from file handle 000000000000017C
[1009/215230.507:ERROR:zip_reader.cc(153)] Cannot open ZIP from file handle 00000000000001EC
[1009/215230.507:ERROR:zip.cc(202)] Cannot open ZIP from file handle 00000000000001EC
[1009/215508.638:ERROR:zip_reader.cc(153)] Cannot open ZIP from file handle 00000000000001EC
[1009/215508.638:ERROR:zip.cc(202)] Cannot open ZIP from file handle 00000000000001EC
[1009/215756.476:ERROR:zip_reader.cc(153)] Cannot open ZIP from file handle 00000000000001EC
[1009/215756.476:ERROR:zip.cc(202)] Cannot open ZIP from file handle 00000000000001EC
[1009/215931.633:ERROR:zip_reader.cc(153)] Cannot open ZIP from file handle 00000000000001EC
[1009/215931.633:ERROR:zip.cc(202)] Cannot open ZIP from file handle 00000000000001EC
[1009/220132.337:ERROR:zip_reader.cc(153)] Cannot open ZIP from file handle 00000000000001EC
[1009/220132.337:ERROR:zip.cc(202)] Cannot open ZIP from file handle 00000000000001EC
[1009/220251.293:ERROR:zip_reader.cc(153)] Cannot open ZIP from file handle 00000000000001EC
[1009/220251.293:ERROR:zip.cc(202)] Cannot open ZIP from file handle 00000000000001EC
[1009/220408.292:ERROR:zip_reader.cc(153)] Cannot open ZIP from file handle 00000000000001EC
[1009/220408.292:ERROR:zip.cc(202)] Cannot open ZIP from file handle 00000000000001EC
[1009/220503.485:ERROR:zip_reader.cc(153)] Cannot open ZIP from file handle 00000000000001F4
[1009/220503.485:ERROR:zip.cc(202)] Cannot open ZIP from file handle 00000000000001F4
[1009/220604.330:ERROR:zip_reader.cc(153)] Cannot open ZIP from file handle 00000000000001EC
[1009/220604.330:ERROR:zip.cc(202)] Cannot open ZIP from file handle 00000000000001EC
[1009/220755.137:ERROR:zip_reader.cc(153)] Cannot open ZIP from file handle 00000000000001EC
[1009/220755.137:ERROR:zip.cc(202)] Cannot open ZIP from file handle 00000000000001EC
[1009/220940.592:ERROR:zip_reader.cc(153)] Cannot open ZIP from file handle 00000000000001EC
[1009/220940.592:ERROR:zip.cc(202)] Cannot open ZIP from file handle 00000000000001EC
[1009/221557.428:ERROR:zip_reader.cc(153)] Cannot open ZIP from file handle 00000000000001EC
[1009/221557.428:ERROR:zip.cc(202)] Cannot open ZIP from file handle 00000000000001EC
[1009/222528.484:ERROR:zip_reader.cc(153)] Cannot open ZIP from file handle 00000000000001EC
[1009/222528.484:ERROR:zip.cc(202)] Cannot open ZIP from file handle 00000000000001EC
[1009/222947.615:ERROR:zip_reader.cc(153)] Cannot open ZIP from file handle 00000000000001EC
[1009/222947.615:ERROR:zip.cc(202)] Cannot open ZIP from file handle 00000000000001EC
[1009/223059.344:ERROR:zip_reader.cc(153)] Cannot open ZIP from file handle 00000000000001EC
[1009/223059.344:ERROR:zip.cc(202)] Cannot open ZIP from file handle 00000000000001EC
[1009/224031.439:ERROR:zip_reader.cc(153)] Cannot open ZIP from file handle 00000000000001F4
[1009/224031.440:ERROR:zip.cc(202)] Cannot open ZIP from file handle 00000000000001F4
[1009/224249.216:ERROR:zip_reader.cc(153)] Cannot open ZIP from file handle 00000000000001EC
[1009/224249.216:ERROR:zip.cc(202)] Cannot open ZIP from file handle 00000000000001EC
[1009/225448.117:ERROR:zip_reader.cc(153)] Cannot open ZIP from file handle 00000000000001EC
[1009/225448.373:ERROR:zip.cc(202)] Cannot open ZIP from file handle 00000000000001EC
[1009/225841.644:ERROR:zip_reader.cc(153)] Cannot open ZIP from file handle 00000000000001EC
[1009/225841.644:ERROR:zip.cc(202)] Cannot open ZIP from file handle 00000000000001EC
[1009/230023.018:ERROR:zip_reader.cc(153)] Cannot open ZIP from file handle 00000000000001EC
[1009/230023.018:ERROR:zip.cc(202)] Cannot open ZIP from file handle 00000000000001EC
[1009/230400.333:ERROR:zip_reader.cc(153)] Cannot open ZIP from file handle 00000000000001EC
[1009/230400.333:ERROR:zip.cc(202)] Cannot open ZIP from file handle 00000000000001EC
[1009/230624.887:ERROR:zip_reader.cc(153)] Cannot open ZIP from file handle 00000000000001EC
[1009/230624.887:ERROR:zip.cc(202)] Cannot open ZIP from file handle 00000000000001EC
[1009/230655.888:ERROR:zip_reader.cc(153)] Cannot open ZIP from file handle 0000000000000210
[1009/230655.888:ERROR:zip.cc(202)] Cannot open ZIP from file handle 0000000000000210
[1009/230934.631:ERROR:zip_reader.cc(153)] Cannot open ZIP from file handle 00000000000001EC
[1009/230934.631:ERROR:zip.cc(202)] Cannot open ZIP from file handle 00000000000001EC
[1009/231633.389:ERROR:zip_reader.cc(153)] Cannot open ZIP from file handle 00000000000001EC
[1009/231633.389:ERROR:zip.cc(202)] Cannot open ZIP from file handle 00000000000001EC
[1009/231659.962:ERROR:zip_reader.cc(153)] Cannot open ZIP from file handle 00000000000001EC
[1009/231659.962:ERROR:zip.cc(202)] Cannot open ZIP from file handle 00000000000001EC
[1009/231821.054:ERROR:zip_reader.cc(153)] Cannot open ZIP from file handle 00000000000001EC
[1009/231821.054:ERROR:zip.cc(202)] Cannot open ZIP from file handle 00000000000001EC
[1009/232115.267:ERROR:zip_reader.cc(153)] Cannot open ZIP from file handle 00000000000001EC
[1009/232115.267:ERROR:zip.cc(202)] Cannot open ZIP from file handle 00000000000001EC
[1009/232425.855:ERROR:zip_reader.cc(153)] Cannot open ZIP from file handle 00000000000001EC
[1009/232425.856:ERROR:zip.cc(202)] Cannot open ZIP from file handle 00000000000001EC
[1009/232527.261:ERROR:zip_reader.cc(153)] Cannot open ZIP from file handle 00000000000001EC
[1009/232527.261:ERROR:zip.cc(202)] Cannot open ZIP from file handle 00000000000001EC
[1009/232617.508:ERROR:zip_reader.cc(153)] Cannot open ZIP from file handle 00000000000001EC
[1009/232617.508:ERROR:zip.cc(202)] Cannot open ZIP from file handle 00000000000001EC
[1009/233118.836:ERROR:zip_reader.cc(153)] Cannot open ZIP from file handle 00000000000001EC
[1009/233118.837:ERROR:zip.cc(202)] Cannot open ZIP from file handle 00000000000001EC
[1009/233353.883:ERROR:zip_reader.cc(153)] Cannot open ZIP from file handle 00000000000001EC
[1009/233353.883:ERROR:zip.cc(202)] Cannot open ZIP from file handle 00000000000001EC
[1009/233538.648:ERROR:zip_reader.cc(153)] Cannot open ZIP from file handle 00000000000001EC
[1009/233538.648:ERROR:zip.cc(202)] Cannot open ZIP from file handle 00000000000001EC
[1009/234946.453:ERROR:zip_reader.cc(153)] Cannot open ZIP from file handle 00000000000001B0
[1009/234946.453:ERROR:zip.cc(202)] Cannot open ZIP from file handle 00000000000001B0
[1009/235438.860:ERROR:zip_reader.cc(153)] Cannot open ZIP from file handle 00000000000001EC
[1009/235438.861:ERROR:zip.cc(202)] Cannot open ZIP from file handle 00000000000001EC
[1009/235812.731:ERROR:zip_reader.cc(153)] Cannot open ZIP from file handle 00000000000001EC
[1009/235812.731:ERROR:zip.cc(202)] Cannot open ZIP from file handle 00000000000001EC
[1009/235845.144:ERROR:zip_reader.cc(153)] Cannot open ZIP from file handle 00000000000001EC
[1009/235845.144:ERROR:zip.cc(202)] Cannot open ZIP from file handle 00000000000001EC
[1010/000021.628:ERROR:zip_reader.cc(153)] Cannot open ZIP from file handle 00000000000001EC
[1010/000021.628:ERROR:zip.cc(202)] Cannot open ZIP from file handle 00000000000001EC
[1010/000204.025:ERROR:zip_reader.cc(153)] Cannot open ZIP from file handle 00000000000001EC
[1010/000204.025:ERROR:zip.cc(202)] Cannot open ZIP from file handle 00000000000001EC
[1011/221054.553:ERROR:zip_reader.cc(153)] Cannot open ZIP from file handle 00000000000001F0
[1011/221054.629:ERROR:zip.cc(202)] Cannot open ZIP from file handle 00000000000001F0
[1011/221139.935:ERROR:zip_reader.cc(153)] Cannot open ZIP from file handle 00000000000001EC
[1011/221139.935:ERROR:zip.cc(202)] Cannot open ZIP from file handle 00000000000001EC
[1011/221225.952:ERROR:zip_reader.cc(153)] Cannot open ZIP from file handle 00000000000001EC
[1011/221225.952:ERROR:zip.cc(202)] Cannot open ZIP from file handle 00000000000001EC
[1011/232424.436:ERROR:zip_reader.cc(153)] Cannot open ZIP from file handle 00000000000001EC
[1011/232424.436:ERROR:zip.cc(202)] Cannot open ZIP from file handle 00000000000001EC
[1012/103408.160:ERROR:zip_reader.cc(153)] Cannot open ZIP from file handle 0000000000000240
[1012/103408.183:ERROR:zip.cc(202)] Cannot open ZIP from file handle 0000000000000240
[1012/103532.508:ERROR:zip_reader.cc(153)] Cannot open ZIP from file handle 00000000000001EC
[1012/103532.526:ERROR:zip.cc(202)] Cannot open ZIP from file handle 00000000000001EC
